{
  "stats": {
    "suites": 1,
    "tests": 8,
    "passes": 8,
    "pending": 0,
    "failures": 0,
    "start": "2024-12-02T02:05:28.467Z",
    "end": "2024-12-02T02:05:32.944Z",
    "duration": 4477,
    "testsRegistered": 8,
    "passPercent": 100,
    "pendingPercent": 0,
    "other": 0,
    "hasOther": false,
    "skipped": 0,
    "hasSkipped": false
  },
  "results": [
    {
      "uuid": "21b387d2-a138-41ce-bed8-8a0fb41f78bc",
      "title": "",
      "fullFile": "D:\\Work\\test_api2\\test\\add.js",
      "file": "\\test\\add.js",
      "beforeHooks": [],
      "afterHooks": [],
      "tests": [],
      "suites": [
        {
          "uuid": "8fecb8c0-7cd1-40fd-9b66-e5c9751eba81",
          "title": "users functional test",
          "fullFile": "D:\\Work\\test_api2\\test\\add.js",
          "file": "\\test\\add.js",
          "beforeHooks": [],
          "afterHooks": [],
          "tests": [
            {
              "title": "GET /users",
              "fullTitle": "users functional test GET /users",
              "timedOut": false,
              "duration": 482,
              "state": "passed",
              "speed": "slow",
              "pass": true,
              "fail": false,
              "pending": false,
              "context": null,
              "code": "const res = await request.get(\"/users\");\n\n// Assertion\nexpect(res.status).to.equal(200);\nexpect(res.body).to.be.an(\"array\");\nconsole.log(res.body);",
              "err": {},
              "uuid": "89a2a9d8-8179-4946-8eb1-9eac7bcc6cee",
              "parentUUID": "8fecb8c0-7cd1-40fd-9b66-e5c9751eba81",
              "isHook": false,
              "skipped": false
            },
            {
              "title": "GET /users?id",
              "fullTitle": "users functional test GET /users?id",
              "timedOut": false,
              "duration": 446,
              "state": "passed",
              "speed": "slow",
              "pass": true,
              "fail": false,
              "pending": false,
              "context": null,
              "code": "const userId = 7551200; // Ganti dengan ID yang valid\nconst res = await request.get(`/users?id=${userId}`);\n    \nconsole.log(\"Status:\", res.status);\nconsole.log(\"Response Body:\", res.body);\n    \n// Tangani jika respons kosong\nif (res.body.length === 0) {\n    console.warn(`No users found with id=${userId}`);\n} else {\n    // Periksa apakah respons berupa array atau objek\n    if (Array.isArray(res.body)) {\n        expect(res.body).to.be.an(\"array\").that.is.not.empty;\n        expect(res.body[0]).to.have.property(\"id\", userId); // Periksa ID pertama dalam array\n    } else {\n        expect(res.body).to.be.an(\"object\").that.has.property(\"id\");\n        expect(res.body.id).to.equal(userId);\n    }\n}",
              "err": {},
              "uuid": "aebda949-104d-4e82-9c76-4e55187711ad",
              "parentUUID": "8fecb8c0-7cd1-40fd-9b66-e5c9751eba81",
              "isHook": false,
              "skipped": false
            },
            {
              "title": "GET /users?gender",
              "fullTitle": "users functional test GET /users?gender",
              "timedOut": false,
              "duration": 334,
              "state": "passed",
              "speed": "slow",
              "pass": true,
              "fail": false,
              "pending": false,
              "context": null,
              "code": "const usersgender = \"female\"; // Contoh gender\nconst res = await request.get(`/users?gender=${usersgender}`);\n\n// Log respons untuk debugging\nconsole.log(res.body);\n// Periksa status kode\nexpect(res.status).to.equal(200);\n// Periksa apakah respons berupa array atau objek\nif (Array.isArray(res.body)) {\n    expect(res.body).to.be.an(\"array\").that.is.not.empty;\n} else {\n    expect(res.body).to.be.an(\"object\").that.has.property(\"id\");\n    expect(res.body.id).to.equal(usersgender);\n}",
              "err": {},
              "uuid": "a434611b-7c54-49ff-bdda-737200bb7644",
              "parentUUID": "8fecb8c0-7cd1-40fd-9b66-e5c9751eba81",
              "isHook": false,
              "skipped": false
            },
            {
              "title": "GET /users?gender&status",
              "fullTitle": "users functional test GET /users?gender&status",
              "timedOut": false,
              "duration": 468,
              "state": "passed",
              "speed": "slow",
              "pass": true,
              "fail": false,
              "pending": false,
              "context": null,
              "code": "const usersgender = \"female\"; // Contoh gender\nconst usersstatus = \"active\"; // Contoh status\nconst res = await request.get(`/users?gender=${usersgender}&status=${usersstatus}`);\n\n// Log respons untuk debugging\nconsole.log(\"Response Body:\", res.body);\n// Periksa apakah respons berupa array atau objek\nexpect(res.status).to.equal(200);\nif (res.body.length === 0) {\n    console.warn(\"No users found with the given filters.\");\n} else {\n    expect(res.body).to.be.an(\"array\").that.is.not.empty;\n    res.body.forEach(user => {\n        expect(user).to.have.property(\"gender\", usersgender);\n        expect(user).to.have.property(\"status\", usersstatus);\n    });\n}",
              "err": {},
              "uuid": "892b09b1-9e51-4bd0-9c3b-f487731d44c0",
              "parentUUID": "8fecb8c0-7cd1-40fd-9b66-e5c9751eba81",
              "isHook": false,
              "skipped": false
            },
            {
              "title": "GET /users last added",
              "fullTitle": "users functional test GET /users last added",
              "timedOut": false,
              "duration": 381,
              "state": "passed",
              "speed": "slow",
              "pass": true,
              "fail": false,
              "pending": false,
              "context": null,
              "code": "const res = await request.get(\"/users\").set(\"Authorization\", `Bearer ${token}`);\n    \n// Log respons untuk debugging\nconsole.log(\"Response Body:\", res.body);\n    \n// Pastikan respons adalah array\nexpect(res.status).to.equal(200);\nexpect(res.body).to.be.an(\"array\").that.is.not.empty;\n    \n// Cari user dengan ID terbesar\nconst userslastid = res.body.reduce((prev, current) => {\n    return current.id > prev.id ? current : prev;\n});\n    \nconsole.log(\"id User terakhir: \", userslastid);\n    \n// Verifikasi hasil\nexpect(userslastid).to.have.property(\"id\");\nexpect(userslastid).to.have.property(\"name\");",
              "err": {},
              "uuid": "5b941738-968f-430a-a2ea-ba43c0626693",
              "parentUUID": "8fecb8c0-7cd1-40fd-9b66-e5c9751eba81",
              "isHook": false,
              "skipped": false
            },
            {
              "title": "GET /with invalid link url",
              "fullTitle": "users functional test GET /with invalid link url",
              "timedOut": false,
              "duration": 874,
              "state": "passed",
              "speed": "slow",
              "pass": true,
              "fail": false,
              "pending": false,
              "context": null,
              "code": "const res = await request.get(\"/user\").set(\"Authorization\", `Bearer ${token}`);\n\n// Assertions\nif (Object.keys(res.body).length > 0) {\n    expect(res.body).to.have.property(\"error\");\n    expect(res.body.error).to.include(\"Not Found\");\n} else {\n    console.log(\"Empty response body\");\n    expect(res.body).to.be.empty;\n}",
              "err": {},
              "uuid": "aa072507-da7e-409b-840c-d0b26db3ffd5",
              "parentUUID": "8fecb8c0-7cd1-40fd-9b66-e5c9751eba81",
              "isHook": false,
              "skipped": false
            },
            {
              "title": "POST /users",
              "fullTitle": "users functional test POST /users",
              "timedOut": false,
              "duration": 1200,
              "state": "passed",
              "speed": "slow",
              "pass": true,
              "fail": false,
              "pending": false,
              "context": null,
              "code": "const email = `test${Date.now()}@mailservice.com`; // Email unik\n    const name = `Test Pride ${Date.now()}`; //nama unik\n    const data = {\n        email: email,\n        name: name,\n        gender: \"male\",\n        status: \"active\",\n    };\n\n    const res = await request\n        .post(\"/users\")\n        .set(\"Authorization\", `Bearer ${token}`) // Format token yang benar\n        .set(\"Content-Type\", \"application/json\")\n        .send(data);\n\n    console.log(\"Status:\", res.status);\n    console.log(\"Response Body:\", res.body);\n\n    // Verifikasi respons\n    expect(res.status).to.equal(201); // 201 Created\n    expect(res.body).to.have.property(\"id\");\n    expect(res.body.email).to.equal(data.email);\n    expect(res.body.name).to.equal(data.name);\n    expect(res.body.gender).to.equal(data.gender);\n    expect(res.body.status).to.equal(data.status);",
              "err": {},
              "uuid": "c0355282-3120-43bc-88d3-a5c615ddd7af",
              "parentUUID": "8fecb8c0-7cd1-40fd-9b66-e5c9751eba81",
              "isHook": false,
              "skipped": false
            },
            {
              "title": "PUT /users/:id",
              "fullTitle": "users functional test PUT /users/:id",
              "timedOut": false,
              "duration": 281,
              "state": "passed",
              "speed": "slow",
              "pass": true,
              "fail": false,
              "pending": false,
              "context": null,
              "code": "const name = `Test Pride ${Date.now()}`;\n     const email = `test${Date.now()}@mailservice.com`;\n     const data = {\n         status: \"active\",\n         name: name,\n         email: email\n     };\n     \n     const res = await request\n         .put(\"/users/7549080\")\n         .set(\"Authorization\", `Bearer ${token}`) // Format token yang benar\n         .set(\"Content-Type\", \"application/json\")\n         .send(data);\n     \n     console.log(\"Response Body:\", res.body);",
              "err": {},
              "uuid": "659cf27a-4a97-4a95-bbc5-4d3faaec004f",
              "parentUUID": "8fecb8c0-7cd1-40fd-9b66-e5c9751eba81",
              "isHook": false,
              "skipped": false
            }
          ],
          "suites": [],
          "passes": [
            "89a2a9d8-8179-4946-8eb1-9eac7bcc6cee",
            "aebda949-104d-4e82-9c76-4e55187711ad",
            "a434611b-7c54-49ff-bdda-737200bb7644",
            "892b09b1-9e51-4bd0-9c3b-f487731d44c0",
            "5b941738-968f-430a-a2ea-ba43c0626693",
            "aa072507-da7e-409b-840c-d0b26db3ffd5",
            "c0355282-3120-43bc-88d3-a5c615ddd7af",
            "659cf27a-4a97-4a95-bbc5-4d3faaec004f"
          ],
          "failures": [],
          "pending": [],
          "skipped": [],
          "duration": 4466,
          "root": false,
          "rootEmpty": false,
          "_timeout": 2000
        }
      ],
      "passes": [],
      "failures": [],
      "pending": [],
      "skipped": [],
      "duration": 0,
      "root": true,
      "rootEmpty": true,
      "_timeout": 2000
    }
  ],
  "meta": {
    "mocha": {
      "version": "8.4.0"
    },
    "mochawesome": {
      "options": {
        "quiet": false,
        "reportFilename": "mochawesome",
        "saveHtml": true,
        "saveJson": true,
        "consoleReporter": "spec",
        "useInlineDiffs": false,
        "code": true
      },
      "version": "7.1.3"
    },
    "marge": {
      "options": null,
      "version": "6.2.0"
    }
  }
}