{
  "stats": {
    "suites": 1,
    "tests": 7,
    "passes": 7,
    "pending": 0,
    "failures": 0,
    "start": "2024-11-28T04:08:59.582Z",
    "end": "2024-11-28T04:09:03.179Z",
    "duration": 3597,
    "testsRegistered": 7,
    "passPercent": 100,
    "pendingPercent": 0,
    "other": 0,
    "hasOther": false,
    "skipped": 0,
    "hasSkipped": false
  },
  "results": [
    {
      "uuid": "72be93ad-5c20-4c0e-851f-fca01ce78b73",
      "title": "",
      "fullFile": "D:\\Work\\test_api2\\test\\add.js",
      "file": "\\test\\add.js",
      "beforeHooks": [],
      "afterHooks": [],
      "tests": [],
      "suites": [
        {
          "uuid": "d46a4001-2926-4844-85ac-73f3aa5c1cd1",
          "title": "users",
          "fullFile": "D:\\Work\\test_api2\\test\\add.js",
          "file": "\\test\\add.js",
          "beforeHooks": [],
          "afterHooks": [],
          "tests": [
            {
              "title": "GET /users",
              "fullTitle": "users GET /users",
              "timedOut": false,
              "duration": 431,
              "state": "passed",
              "speed": "slow",
              "pass": true,
              "fail": false,
              "pending": false,
              "context": null,
              "code": "const res = await request.get(\"/users\");\n\n// Assertion\nexpect(res.status).to.equal(200);\nexpect(res.body).to.be.an(\"array\");\nconsole.log(res.body);",
              "err": {},
              "uuid": "9b7df5c3-54e5-42bb-a7e4-db887a791346",
              "parentUUID": "d46a4001-2926-4844-85ac-73f3aa5c1cd1",
              "isHook": false,
              "skipped": false
            },
            {
              "title": "GET /users?id",
              "fullTitle": "users GET /users?id",
              "timedOut": false,
              "duration": 319,
              "state": "passed",
              "speed": "slow",
              "pass": true,
              "fail": false,
              "pending": false,
              "context": null,
              "code": "const userId = 7549088; // Ganti dengan ID yang valid\nconst res = await request.get(`/users?id=${userId}`);\n    \nconsole.log(\"Status:\", res.status);\nconsole.log(\"Response Body:\", res.body);\n    \n// Tangani jika respons kosong\nif (res.body.length === 0) {\n    console.warn(`No users found with id=${userId}`);\n} else {\n    // Periksa apakah respons berupa array atau objek\n    if (Array.isArray(res.body)) {\n        expect(res.body).to.be.an(\"array\").that.is.not.empty;\n        expect(res.body[0]).to.have.property(\"id\", userId); // Periksa ID pertama dalam array\n    } else {\n        expect(res.body).to.be.an(\"object\").that.has.property(\"id\");\n        expect(res.body.id).to.equal(userId);\n    }\n}",
              "err": {},
              "uuid": "d901dc8d-83c2-45be-8a59-49219d38b266",
              "parentUUID": "d46a4001-2926-4844-85ac-73f3aa5c1cd1",
              "isHook": false,
              "skipped": false
            },
            {
              "title": "GET /users?gender",
              "fullTitle": "users GET /users?gender",
              "timedOut": false,
              "duration": 568,
              "state": "passed",
              "speed": "slow",
              "pass": true,
              "fail": false,
              "pending": false,
              "context": null,
              "code": "const usersgender = \"female\"; // Contoh gender\nconst res = await request.get(`/users?gender=${usersgender}`);\n\n// Log respons untuk debugging\nconsole.log(res.body);\n// Periksa status kode\nexpect(res.status).to.equal(200);\n// Periksa apakah respons berupa array atau objek\nif (Array.isArray(res.body)) {\n    expect(res.body).to.be.an(\"array\").that.is.not.empty;\n} else {\n    expect(res.body).to.be.an(\"object\").that.has.property(\"id\");\n    expect(res.body.id).to.equal(usersgender);\n}",
              "err": {},
              "uuid": "a4a86d79-19c7-4200-ac89-4e316c7d9742",
              "parentUUID": "d46a4001-2926-4844-85ac-73f3aa5c1cd1",
              "isHook": false,
              "skipped": false
            },
            {
              "title": "GET /users?gender&status",
              "fullTitle": "users GET /users?gender&status",
              "timedOut": false,
              "duration": 297,
              "state": "passed",
              "speed": "slow",
              "pass": true,
              "fail": false,
              "pending": false,
              "context": null,
              "code": "const usersgender = \"female\"; // Contoh gender\nconst usersstatus = \"active\"; // Contoh status\nconst res = await request.get(`/users?gender=${usersgender}&status=${usersstatus}`);\n\n// Log respons untuk debugging\nconsole.log(\"Response Body:\", res.body);\n// Periksa apakah respons berupa array atau objek\nexpect(res.status).to.equal(200);\nif (res.body.length === 0) {\n    console.warn(\"No users found with the given filters.\");\n} else {\n    expect(res.body).to.be.an(\"array\").that.is.not.empty;\n    res.body.forEach(user => {\n        expect(user).to.have.property(\"gender\", usersgender);\n        expect(user).to.have.property(\"status\", usersstatus);\n    });\n}",
              "err": {},
              "uuid": "baf5b651-abf5-49c7-828a-b76153e2ec8b",
              "parentUUID": "d46a4001-2926-4844-85ac-73f3aa5c1cd1",
              "isHook": false,
              "skipped": false
            },
            {
              "title": "GET /users last added",
              "fullTitle": "users GET /users last added",
              "timedOut": false,
              "duration": 815,
              "state": "passed",
              "speed": "slow",
              "pass": true,
              "fail": false,
              "pending": false,
              "context": null,
              "code": "const res = await request.get(\"/users\").set(\"Authorization\", `Bearer ${token}`);\n    \n// Log respons untuk debugging\nconsole.log(\"Response Body:\", res.body);\n    \n// Pastikan respons adalah array\nexpect(res.status).to.equal(200);\nexpect(res.body).to.be.an(\"array\").that.is.not.empty;\n    \n// Cari user dengan ID terbesar\nconst userslastid = res.body.reduce((prev, current) => {\n    return current.id > prev.id ? current : prev;\n});\n    \nconsole.log(\"id User terakhir: \", userslastid);\n    \n// Verifikasi hasil\nexpect(userslastid).to.have.property(\"id\");\nexpect(userslastid).to.have.property(\"name\");",
              "err": {},
              "uuid": "d7c3c139-28a4-4877-baa6-185a15141a39",
              "parentUUID": "d46a4001-2926-4844-85ac-73f3aa5c1cd1",
              "isHook": false,
              "skipped": false
            },
            {
              "title": "POST /users",
              "fullTitle": "users POST /users",
              "timedOut": false,
              "duration": 393,
              "state": "passed",
              "speed": "slow",
              "pass": true,
              "fail": false,
              "pending": false,
              "context": null,
              "code": "const email = `test${Date.now()}@mailservice.com`; // Email unik\n    const name = `Test Pride ${Date.now()}`; //nama unik\n    const data = {\n        email: email,\n        name: name,\n        gender: \"male\",\n        status: \"active\",\n    };\n\n    const res = await request\n        .post(\"/users\")\n        .set(\"Authorization\", `Bearer ${token}`) // Format token yang benar\n        .set(\"Content-Type\", \"application/json\")\n        .send(data);\n\n    console.log(\"Status:\", res.status);\n    console.log(\"Response Body:\", res.body);\n\n    // Verifikasi respons\n    expect(res.status).to.equal(201); // 201 Created\n    expect(res.body).to.have.property(\"id\");\n    expect(res.body.email).to.equal(data.email);\n    expect(res.body.name).to.equal(data.name);\n    expect(res.body.gender).to.equal(data.gender);\n    expect(res.body.status).to.equal(data.status);",
              "err": {},
              "uuid": "d3ab9e98-ea52-45fd-a510-1e9acdd16adf",
              "parentUUID": "d46a4001-2926-4844-85ac-73f3aa5c1cd1",
              "isHook": false,
              "skipped": false
            },
            {
              "title": "PUT /users/:id",
              "fullTitle": "users PUT /users/:id",
              "timedOut": false,
              "duration": 760,
              "state": "passed",
              "speed": "slow",
              "pass": true,
              "fail": false,
              "pending": false,
              "context": null,
              "code": "const name = `Test Pride ${Date.now()}`;\n     const email = `test${Date.now()}@mailservice.com`;\n     const data = {\n         status: \"active\",\n         name: name,\n         email: email\n     };\n     \n     const res = await request\n         .put(\"/users/7549080\")\n         .set(\"Authorization\", `Bearer ${token}`) // Format token yang benar\n         .set(\"Content-Type\", \"application/json\")\n         .send(data);\n     \n     console.log(\"Response Body:\", res.body);",
              "err": {},
              "uuid": "6392839c-a42d-412f-a9dc-3ea739db084c",
              "parentUUID": "d46a4001-2926-4844-85ac-73f3aa5c1cd1",
              "isHook": false,
              "skipped": false
            }
          ],
          "suites": [],
          "passes": [
            "9b7df5c3-54e5-42bb-a7e4-db887a791346",
            "d901dc8d-83c2-45be-8a59-49219d38b266",
            "a4a86d79-19c7-4200-ac89-4e316c7d9742",
            "baf5b651-abf5-49c7-828a-b76153e2ec8b",
            "d7c3c139-28a4-4877-baa6-185a15141a39",
            "d3ab9e98-ea52-45fd-a510-1e9acdd16adf",
            "6392839c-a42d-412f-a9dc-3ea739db084c"
          ],
          "failures": [],
          "pending": [],
          "skipped": [],
          "duration": 3583,
          "root": false,
          "rootEmpty": false,
          "_timeout": 2000
        }
      ],
      "passes": [],
      "failures": [],
      "pending": [],
      "skipped": [],
      "duration": 0,
      "root": true,
      "rootEmpty": true,
      "_timeout": 2000
    }
  ],
  "meta": {
    "mocha": {
      "version": "8.4.0"
    },
    "mochawesome": {
      "options": {
        "quiet": false,
        "reportFilename": "mochawesome",
        "saveHtml": true,
        "saveJson": true,
        "consoleReporter": "spec",
        "useInlineDiffs": false,
        "code": true
      },
      "version": "7.1.3"
    },
    "marge": {
      "options": null,
      "version": "6.2.0"
    }
  }
}