{
  "stats": {
    "suites": 1,
    "tests": 7,
    "passes": 7,
    "pending": 0,
    "failures": 0,
    "start": "2024-11-27T08:49:13.600Z",
    "end": "2024-11-27T08:49:16.113Z",
    "duration": 2513,
    "testsRegistered": 7,
    "passPercent": 100,
    "pendingPercent": 0,
    "other": 0,
    "hasOther": false,
    "skipped": 0,
    "hasSkipped": false
  },
  "results": [
    {
      "uuid": "ac3925aa-4b7f-471e-8a5e-a26d7f3ef61d",
      "title": "",
      "fullFile": "D:\\Work\\test_api2\\test\\add.js",
      "file": "\\test\\add.js",
      "beforeHooks": [],
      "afterHooks": [],
      "tests": [],
      "suites": [
        {
          "uuid": "fbe74dcc-f37a-48dc-b3a9-a4b5ad502cee",
          "title": "users",
          "fullFile": "D:\\Work\\test_api2\\test\\add.js",
          "file": "\\test\\add.js",
          "beforeHooks": [],
          "afterHooks": [],
          "tests": [
            {
              "title": "GET /users",
              "fullTitle": "users GET /users",
              "timedOut": false,
              "duration": 445,
              "state": "passed",
              "speed": "slow",
              "pass": true,
              "fail": false,
              "pending": false,
              "context": null,
              "code": "const res = await request.get(\"/users\");\n\n// Assertion\nexpect(res.status).to.equal(200);\nexpect(res.body).to.be.an(\"array\");\nconsole.log(res.body);",
              "err": {},
              "uuid": "dd751412-9b92-4d88-af8f-c14d4eb805ac",
              "parentUUID": "fbe74dcc-f37a-48dc-b3a9-a4b5ad502cee",
              "isHook": false,
              "skipped": false
            },
            {
              "title": "GET /users?id",
              "fullTitle": "users GET /users?id",
              "timedOut": false,
              "duration": 297,
              "state": "passed",
              "speed": "slow",
              "pass": true,
              "fail": false,
              "pending": false,
              "context": null,
              "code": "const userId = 7543746; // Ganti dengan ID yang valid\nconst res = await request.get(`/users?id=${userId}`);\n    \nconsole.log(\"Status:\", res.status);\nconsole.log(\"Response Body:\", res.body);\n    \n// Tangani jika respons kosong\nif (res.body.length === 0) {\n    console.warn(`No users found with id=${userId}`);\n} else {\n    // Periksa apakah respons berupa array atau objek\n    if (Array.isArray(res.body)) {\n        expect(res.body).to.be.an(\"array\").that.is.not.empty;\n        expect(res.body[0]).to.have.property(\"id\", userId); // Periksa ID pertama dalam array\n    } else {\n        expect(res.body).to.be.an(\"object\").that.has.property(\"id\");\n        expect(res.body.id).to.equal(userId);\n    }\n}",
              "err": {},
              "uuid": "0eccd7d5-a578-4dd7-b8c1-9f5a769e52c6",
              "parentUUID": "fbe74dcc-f37a-48dc-b3a9-a4b5ad502cee",
              "isHook": false,
              "skipped": false
            },
            {
              "title": "GET /users?gender",
              "fullTitle": "users GET /users?gender",
              "timedOut": false,
              "duration": 249,
              "state": "passed",
              "speed": "slow",
              "pass": true,
              "fail": false,
              "pending": false,
              "context": null,
              "code": "const usersgender = \"female\"; // Contoh gender\nconst res = await request.get(`/users?gender=${usersgender}`);\n\n// Log respons untuk debugging\nconsole.log(res.body);\n// Periksa status kode\nexpect(res.status).to.equal(200);\n// Periksa apakah respons berupa array atau objek\nif (Array.isArray(res.body)) {\n    expect(res.body).to.be.an(\"array\").that.is.not.empty;\n} else {\n    expect(res.body).to.be.an(\"object\").that.has.property(\"id\");\n    expect(res.body.id).to.equal(usersgender);\n}",
              "err": {},
              "uuid": "cc5971af-6af4-4186-8589-ac6fb7bd9a3b",
              "parentUUID": "fbe74dcc-f37a-48dc-b3a9-a4b5ad502cee",
              "isHook": false,
              "skipped": false
            },
            {
              "title": "GET /users?gender&status",
              "fullTitle": "users GET /users?gender&status",
              "timedOut": false,
              "duration": 334,
              "state": "passed",
              "speed": "slow",
              "pass": true,
              "fail": false,
              "pending": false,
              "context": null,
              "code": "const usersgender = \"female\"; // Contoh gender\nconst usersstatus = \"active\"; // Contoh status\nconst res = await request.get(`/users?gender=${usersgender}&status=${usersstatus}`);\n\n// Log respons untuk debugging\nconsole.log(\"Response Body:\", res.body);\n// Periksa apakah respons berupa array atau objek\nexpect(res.status).to.equal(200);\nif (res.body.length === 0) {\n    console.warn(\"No users found with the given filters.\");\n} else {\n    expect(res.body).to.be.an(\"array\").that.is.not.empty;\n    res.body.forEach(user => {\n        expect(user).to.have.property(\"gender\", usersgender);\n        expect(user).to.have.property(\"status\", usersstatus);\n    });\n}",
              "err": {},
              "uuid": "4ece7963-877e-4516-9e6a-ac37e1516921",
              "parentUUID": "fbe74dcc-f37a-48dc-b3a9-a4b5ad502cee",
              "isHook": false,
              "skipped": false
            },
            {
              "title": "GET /users last added",
              "fullTitle": "users GET /users last added",
              "timedOut": false,
              "duration": 295,
              "state": "passed",
              "speed": "slow",
              "pass": true,
              "fail": false,
              "pending": false,
              "context": null,
              "code": "const res = await request.get(\"/users\").set(\"Authorization\", `Bearer ${token}`);\n    \n// Log respons untuk debugging\nconsole.log(\"Response Body:\", res.body);\n    \n// Pastikan respons adalah array\nexpect(res.status).to.equal(200);\nexpect(res.body).to.be.an(\"array\").that.is.not.empty;\n    \n// Cari user dengan ID terbesar\nconst userslastid = res.body.reduce((prev, current) => {\n    return current.id > prev.id ? current : prev;\n});\n    \nconsole.log(\"id User terakhir: \", userslastid);\n    \n// Verifikasi hasil\nexpect(userslastid).to.have.property(\"id\");\nexpect(userslastid).to.have.property(\"name\");",
              "err": {},
              "uuid": "91c0d8c9-0c97-4b2f-884d-6bd87c6352f1",
              "parentUUID": "fbe74dcc-f37a-48dc-b3a9-a4b5ad502cee",
              "isHook": false,
              "skipped": false
            },
            {
              "title": "POST /users",
              "fullTitle": "users POST /users",
              "timedOut": false,
              "duration": 408,
              "state": "passed",
              "speed": "slow",
              "pass": true,
              "fail": false,
              "pending": false,
              "context": null,
              "code": "const email = `test${Date.now()}@mailservice.com`; // Email unik\n    const name = `Test Pride ${Date.now()}`; //nama unik\n    const data = {\n        email: email,\n        name: name,\n        gender: \"male\",\n        status: \"active\",\n    };\n\n    const res = await request\n        .post(\"/users\")\n        .set(\"Authorization\", `Bearer ${token}`) // Format token yang benar\n        .set(\"Content-Type\", \"application/json\")\n        .send(data);\n\n    console.log(\"Status:\", res.status);\n    console.log(\"Response Body:\", res.body);\n\n    // Verifikasi respons\n    expect(res.status).to.equal(201); // 201 Created\n    expect(res.body).to.have.property(\"id\");\n    expect(res.body.email).to.equal(data.email);\n    expect(res.body.name).to.equal(data.name);\n    expect(res.body.gender).to.equal(data.gender);\n    expect(res.body.status).to.equal(data.status);",
              "err": {},
              "uuid": "00398f7b-3c8c-40e4-886c-e61f9d314c7b",
              "parentUUID": "fbe74dcc-f37a-48dc-b3a9-a4b5ad502cee",
              "isHook": false,
              "skipped": false
            },
            {
              "title": "PUT /users/:id",
              "fullTitle": "users PUT /users/:id",
              "timedOut": false,
              "duration": 459,
              "state": "passed",
              "speed": "slow",
              "pass": true,
              "fail": false,
              "pending": false,
              "context": null,
              "code": "const name = `Test Pride ${Date.now()}`;\n     const email = `test${Date.now()}@mailservice.com`;\n     const data = {\n         status: \"inactive\",\n         name: name,\n         email: email\n     };\n     \n     const res = await request\n         .put(\"/users/7538600\")\n         .set(\"Authorization\", `Bearer ${token}`) // Format token yang benar\n         .set(\"Content-Type\", \"application/json\")\n         .send(data);\n     \n     console.log(\"Response Body:\", res.body);",
              "err": {},
              "uuid": "33658507-1809-4afb-a40d-8a9c1ad89643",
              "parentUUID": "fbe74dcc-f37a-48dc-b3a9-a4b5ad502cee",
              "isHook": false,
              "skipped": false
            }
          ],
          "suites": [],
          "passes": [
            "dd751412-9b92-4d88-af8f-c14d4eb805ac",
            "0eccd7d5-a578-4dd7-b8c1-9f5a769e52c6",
            "cc5971af-6af4-4186-8589-ac6fb7bd9a3b",
            "4ece7963-877e-4516-9e6a-ac37e1516921",
            "91c0d8c9-0c97-4b2f-884d-6bd87c6352f1",
            "00398f7b-3c8c-40e4-886c-e61f9d314c7b",
            "33658507-1809-4afb-a40d-8a9c1ad89643"
          ],
          "failures": [],
          "pending": [],
          "skipped": [],
          "duration": 2487,
          "root": false,
          "rootEmpty": false,
          "_timeout": 2000
        }
      ],
      "passes": [],
      "failures": [],
      "pending": [],
      "skipped": [],
      "duration": 0,
      "root": true,
      "rootEmpty": true,
      "_timeout": 2000
    }
  ],
  "meta": {
    "mocha": {
      "version": "8.4.0"
    },
    "mochawesome": {
      "options": {
        "quiet": false,
        "reportFilename": "mochawesome",
        "saveHtml": true,
        "saveJson": true,
        "consoleReporter": "spec",
        "useInlineDiffs": false,
        "code": true
      },
      "version": "7.1.3"
    },
    "marge": {
      "options": null,
      "version": "6.2.0"
    }
  }
}