{
  "stats": {
    "suites": 1,
    "tests": 8,
    "passes": 8,
    "pending": 0,
    "failures": 0,
    "start": "2024-12-05T10:43:19.612Z",
    "end": "2024-12-05T10:43:24.804Z",
    "duration": 5192,
    "testsRegistered": 8,
    "passPercent": 100,
    "pendingPercent": 0,
    "other": 0,
    "hasOther": false,
    "skipped": 0,
    "hasSkipped": false
  },
  "results": [
    {
      "uuid": "6635451d-7a16-4f22-9a91-5d2740b2e437",
      "title": "",
      "fullFile": "D:\\Work\\test_api2\\test\\add.js",
      "file": "\\test\\add.js",
      "beforeHooks": [],
      "afterHooks": [],
      "tests": [],
      "suites": [
        {
          "uuid": "d99dd0b1-9c9e-47a2-a151-e4266536ec08",
          "title": "users functional test",
          "fullFile": "D:\\Work\\test_api2\\test\\add.js",
          "file": "\\test\\add.js",
          "beforeHooks": [],
          "afterHooks": [],
          "tests": [
            {
              "title": "GET /users",
              "fullTitle": "users functional test GET /users",
              "timedOut": false,
              "duration": 1274,
              "state": "passed",
              "speed": "slow",
              "pass": true,
              "fail": false,
              "pending": false,
              "context": null,
              "code": "const res = await request.get(\"/users\");\n\n// Assertion\nexpect(res.status).to.equal(200);\nexpect(res.body).to.be.an(\"array\");\nconsole.log(res.body);",
              "err": {},
              "uuid": "54cc91ca-01b5-434a-812d-caf7f56f4ae8",
              "parentUUID": "d99dd0b1-9c9e-47a2-a151-e4266536ec08",
              "isHook": false,
              "skipped": false
            },
            {
              "title": "GET /users with id",
              "fullTitle": "users functional test GET /users with id",
              "timedOut": false,
              "duration": 812,
              "state": "passed",
              "speed": "slow",
              "pass": true,
              "fail": false,
              "pending": false,
              "context": null,
              "code": "const userId = 7563759; // Ganti dengan ID yang valid\nconst res = await request.get(`/users?id=${userId}`);\n    \nconsole.log(\"Status:\", res.status);\nconsole.log(\"Response Body:\", res.body);\n    \n// Tangani jika respons kosong\nif (res.body.length === 0) {\n    console.warn(`No users found with id=${userId}`);\n} else {\n    // Periksa apakah respons berupa array atau objek\n    if (Array.isArray(res.body)) {\n        expect(res.body).to.be.an(\"array\").that.is.not.empty;\n        expect(res.body[0]).to.have.property(\"id\", userId); // Periksa ID pertama dalam array\n    } else {\n        expect(res.body).to.be.an(\"object\").that.has.property(\"id\");\n        expect(res.body.id).to.equal(userId);\n    }\n}",
              "err": {},
              "uuid": "9514be22-d9c4-4331-8e78-f3b01284c01d",
              "parentUUID": "d99dd0b1-9c9e-47a2-a151-e4266536ec08",
              "isHook": false,
              "skipped": false
            },
            {
              "title": "GET /users with gender",
              "fullTitle": "users functional test GET /users with gender",
              "timedOut": false,
              "duration": 554,
              "state": "passed",
              "speed": "slow",
              "pass": true,
              "fail": false,
              "pending": false,
              "context": null,
              "code": "const usersgender = \"female\"; // Contoh gender\nconst res = await request.get(`/users?gender=${usersgender}`);\n\n// Log respons untuk debugging\nconsole.log(res.body);\n// Periksa status kode\nexpect(res.status).to.equal(200);\n// Periksa apakah respons berupa array atau objek\nif (Array.isArray(res.body)) {\n    expect(res.body).to.be.an(\"array\").that.is.not.empty;\n} else {\n    expect(res.body).to.be.an(\"object\").that.has.property(\"id\");\n    expect(res.body.id).to.equal(usersgender);\n}",
              "err": {},
              "uuid": "4c01f4ca-c1fb-4521-b864-a526f08b4a7e",
              "parentUUID": "d99dd0b1-9c9e-47a2-a151-e4266536ec08",
              "isHook": false,
              "skipped": false
            },
            {
              "title": "GET /users with gender & status",
              "fullTitle": "users functional test GET /users with gender & status",
              "timedOut": false,
              "duration": 442,
              "state": "passed",
              "speed": "slow",
              "pass": true,
              "fail": false,
              "pending": false,
              "context": null,
              "code": "const usersgender = \"female\"; // Contoh gender\nconst usersstatus = \"active\"; // Contoh status\nconst res = await request.get(`/users?gender=${usersgender}&status=${usersstatus}`);\n\n// Log respons untuk debugging\nconsole.log(\"Response Body:\", res.body);\n// Periksa apakah respons berupa array atau objek\nexpect(res.status).to.equal(200);\nif (res.body.length === 0) {\n    console.warn(\"No users found with the given filters.\");\n} else {\n    expect(res.body).to.be.an(\"array\").that.is.not.empty;\n    res.body.forEach(user => {\n        expect(user).to.have.property(\"gender\", usersgender);\n        expect(user).to.have.property(\"status\", usersstatus);\n    });\n}",
              "err": {},
              "uuid": "617c4245-ac90-41b6-b95f-6658f9f9d467",
              "parentUUID": "d99dd0b1-9c9e-47a2-a151-e4266536ec08",
              "isHook": false,
              "skipped": false
            },
            {
              "title": "GET /users last added",
              "fullTitle": "users functional test GET /users last added",
              "timedOut": false,
              "duration": 464,
              "state": "passed",
              "speed": "slow",
              "pass": true,
              "fail": false,
              "pending": false,
              "context": null,
              "code": "const res = await request.get(\"/users\").set(\"Authorization\", `Bearer ${token}`);\n    \n// Log respons untuk debugging\nconsole.log(\"Response Body:\", res.body);\n    \n// Pastikan respons adalah array\nexpect(res.status).to.equal(200);\nexpect(res.body).to.be.an(\"array\").that.is.not.empty;\n    \n// Cari user dengan ID terbesar\nconst userslastid = res.body.reduce((prev, current) => {\n    return current.id > prev.id ? current : prev;\n});\n    \nconsole.log(\"id User terakhir: \", userslastid);\n    \n// Verifikasi hasil\nexpect(userslastid).to.have.property(\"id\");\nexpect(userslastid).to.have.property(\"name\");",
              "err": {},
              "uuid": "26e7292c-f9cc-4910-b049-4c029b091939",
              "parentUUID": "d99dd0b1-9c9e-47a2-a151-e4266536ec08",
              "isHook": false,
              "skipped": false
            },
            {
              "title": "GET /with invalid link url",
              "fullTitle": "users functional test GET /with invalid link url",
              "timedOut": false,
              "duration": 443,
              "state": "passed",
              "speed": "slow",
              "pass": true,
              "fail": false,
              "pending": false,
              "context": null,
              "code": "const res = await request.get(\"/user\").set(\"Authorization\", `Bearer ${token}`);\n\n// Assertions\nif (Object.keys(res.body).length > 0) {\n    expect(res.body).to.have.property(\"error\");\n    expect(res.body.error).to.include(\"Not Found\");\n} else {\n    console.log(\"Empty response body\");\n    expect(res.body).to.be.empty;\n}",
              "err": {},
              "uuid": "b640e509-53d9-4a37-b414-e5cd0e285e72",
              "parentUUID": "d99dd0b1-9c9e-47a2-a151-e4266536ec08",
              "isHook": false,
              "skipped": false
            },
            {
              "title": "POST /add users ",
              "fullTitle": "users functional test POST /add users ",
              "timedOut": false,
              "duration": 551,
              "state": "passed",
              "speed": "slow",
              "pass": true,
              "fail": false,
              "pending": false,
              "context": null,
              "code": "const email = `test${Date.now()}@mailservice.com`; // Email unik\n    const name = `Test Pride ${Date.now()}`; //nama unik\n    const data = {\n        email: email,\n        name: name,\n        gender: \"male\",\n        status: \"active\",\n    };\n\n    const res = await request\n        .post(\"/users\")\n        .set(\"Authorization\", `Bearer ${token}`) // Format token yang benar\n        .set(\"Content-Type\", \"application/json\")\n        .send(data);\n\n    console.log(\"Status:\", res.status);\n    console.log(\"Response Body:\", res.body);\n\n    // Verifikasi respons\n    expect(res.status).to.equal(201); // 201 Created\n    expect(res.body).to.have.property(\"id\");\n    expect(res.body.email).to.equal(data.email);\n    expect(res.body.name).to.equal(data.name);\n    expect(res.body.gender).to.equal(data.gender);\n    expect(res.body.status).to.equal(data.status);",
              "err": {},
              "uuid": "ef322487-3ee6-45ee-aafb-5fb1866d34d1",
              "parentUUID": "d99dd0b1-9c9e-47a2-a151-e4266536ec08",
              "isHook": false,
              "skipped": false
            },
            {
              "title": "PUT /update users with id",
              "fullTitle": "users functional test PUT /update users with id",
              "timedOut": false,
              "duration": 634,
              "state": "passed",
              "speed": "slow",
              "pass": true,
              "fail": false,
              "pending": false,
              "context": null,
              "code": "const name = `Test Pride ${Date.now()}`;\n     const email = `test${Date.now()}@mailservice.com`;\n     const data = {\n         status: \"active\",\n         name: name,\n         email: email\n     };\n     \n     const res = await request\n         .put(\"/users/7549080\")\n         .set(\"Authorization\", `Bearer ${token}`) // Format token yang benar\n         .set(\"Content-Type\", \"application/json\")\n         .send(data);\n     \n     console.log(\"Response Body:\", res.body);",
              "err": {},
              "uuid": "b50cbf99-f667-4923-92b0-05b283242a7e",
              "parentUUID": "d99dd0b1-9c9e-47a2-a151-e4266536ec08",
              "isHook": false,
              "skipped": false
            }
          ],
          "suites": [],
          "passes": [
            "54cc91ca-01b5-434a-812d-caf7f56f4ae8",
            "9514be22-d9c4-4331-8e78-f3b01284c01d",
            "4c01f4ca-c1fb-4521-b864-a526f08b4a7e",
            "617c4245-ac90-41b6-b95f-6658f9f9d467",
            "26e7292c-f9cc-4910-b049-4c029b091939",
            "b640e509-53d9-4a37-b414-e5cd0e285e72",
            "ef322487-3ee6-45ee-aafb-5fb1866d34d1",
            "b50cbf99-f667-4923-92b0-05b283242a7e"
          ],
          "failures": [],
          "pending": [],
          "skipped": [],
          "duration": 5174,
          "root": false,
          "rootEmpty": false,
          "_timeout": 2000
        }
      ],
      "passes": [],
      "failures": [],
      "pending": [],
      "skipped": [],
      "duration": 0,
      "root": true,
      "rootEmpty": true,
      "_timeout": 2000
    }
  ],
  "meta": {
    "mocha": {
      "version": "8.4.0"
    },
    "mochawesome": {
      "options": {
        "quiet": false,
        "reportFilename": "mochawesome",
        "saveHtml": true,
        "saveJson": true,
        "consoleReporter": "spec",
        "useInlineDiffs": false,
        "code": true
      },
      "version": "7.1.3"
    },
    "marge": {
      "options": null,
      "version": "6.2.0"
    }
  }
}