{
  "stats": {
    "suites": 1,
    "tests": 8,
    "passes": 8,
    "pending": 0,
    "failures": 0,
    "start": "2024-12-04T10:37:02.814Z",
    "end": "2024-12-04T10:37:05.274Z",
    "duration": 2460,
    "testsRegistered": 8,
    "passPercent": 100,
    "pendingPercent": 0,
    "other": 0,
    "hasOther": false,
    "skipped": 0,
    "hasSkipped": false
  },
  "results": [
    {
      "uuid": "d022c5d5-86e5-4f05-a21b-dff10239d4db",
      "title": "",
      "fullFile": "D:\\Work\\test_api2\\test\\add.js",
      "file": "\\test\\add.js",
      "beforeHooks": [],
      "afterHooks": [],
      "tests": [],
      "suites": [
        {
          "uuid": "9799e505-eda0-407c-9ee8-543ead787787",
          "title": "users functional test",
          "fullFile": "D:\\Work\\test_api2\\test\\add.js",
          "file": "\\test\\add.js",
          "beforeHooks": [],
          "afterHooks": [],
          "tests": [
            {
              "title": "GET /users",
              "fullTitle": "users functional test GET /users",
              "timedOut": false,
              "duration": 367,
              "state": "passed",
              "speed": "slow",
              "pass": true,
              "fail": false,
              "pending": false,
              "context": null,
              "code": "const res = await request.get(\"/users\");\n\n// Assertion\nexpect(res.status).to.equal(200);\nexpect(res.body).to.be.an(\"array\");\nconsole.log(res.body);",
              "err": {},
              "uuid": "e79ba34d-010e-4322-a7bd-5297f7f3dcf6",
              "parentUUID": "9799e505-eda0-407c-9ee8-543ead787787",
              "isHook": false,
              "skipped": false
            },
            {
              "title": "GET /users with id",
              "fullTitle": "users functional test GET /users with id",
              "timedOut": false,
              "duration": 338,
              "state": "passed",
              "speed": "slow",
              "pass": true,
              "fail": false,
              "pending": false,
              "context": null,
              "code": "const userId = 7563759; // Ganti dengan ID yang valid\nconst res = await request.get(`/users?id=${userId}`);\n    \nconsole.log(\"Status:\", res.status);\nconsole.log(\"Response Body:\", res.body);\n    \n// Tangani jika respons kosong\nif (res.body.length === 0) {\n    console.warn(`No users found with id=${userId}`);\n} else {\n    // Periksa apakah respons berupa array atau objek\n    if (Array.isArray(res.body)) {\n        expect(res.body).to.be.an(\"array\").that.is.not.empty;\n        expect(res.body[0]).to.have.property(\"id\", userId); // Periksa ID pertama dalam array\n    } else {\n        expect(res.body).to.be.an(\"object\").that.has.property(\"id\");\n        expect(res.body.id).to.equal(userId);\n    }\n}",
              "err": {},
              "uuid": "d0e64293-de96-46eb-816c-048183fad7fb",
              "parentUUID": "9799e505-eda0-407c-9ee8-543ead787787",
              "isHook": false,
              "skipped": false
            },
            {
              "title": "GET /users with gender",
              "fullTitle": "users functional test GET /users with gender",
              "timedOut": false,
              "duration": 317,
              "state": "passed",
              "speed": "slow",
              "pass": true,
              "fail": false,
              "pending": false,
              "context": null,
              "code": "const usersgender = \"female\"; // Contoh gender\nconst res = await request.get(`/users?gender=${usersgender}`);\n\n// Log respons untuk debugging\nconsole.log(res.body);\n// Periksa status kode\nexpect(res.status).to.equal(200);\n// Periksa apakah respons berupa array atau objek\nif (Array.isArray(res.body)) {\n    expect(res.body).to.be.an(\"array\").that.is.not.empty;\n} else {\n    expect(res.body).to.be.an(\"object\").that.has.property(\"id\");\n    expect(res.body.id).to.equal(usersgender);\n}",
              "err": {},
              "uuid": "ffb41b51-151d-4305-abd6-ff244c9ca3d7",
              "parentUUID": "9799e505-eda0-407c-9ee8-543ead787787",
              "isHook": false,
              "skipped": false
            },
            {
              "title": "GET /users with gender & status",
              "fullTitle": "users functional test GET /users with gender & status",
              "timedOut": false,
              "duration": 347,
              "state": "passed",
              "speed": "slow",
              "pass": true,
              "fail": false,
              "pending": false,
              "context": null,
              "code": "const usersgender = \"female\"; // Contoh gender\nconst usersstatus = \"active\"; // Contoh status\nconst res = await request.get(`/users?gender=${usersgender}&status=${usersstatus}`);\n\n// Log respons untuk debugging\nconsole.log(\"Response Body:\", res.body);\n// Periksa apakah respons berupa array atau objek\nexpect(res.status).to.equal(200);\nif (res.body.length === 0) {\n    console.warn(\"No users found with the given filters.\");\n} else {\n    expect(res.body).to.be.an(\"array\").that.is.not.empty;\n    res.body.forEach(user => {\n        expect(user).to.have.property(\"gender\", usersgender);\n        expect(user).to.have.property(\"status\", usersstatus);\n    });\n}",
              "err": {},
              "uuid": "0a3adabd-c80d-4017-a2dc-2bf752ad3867",
              "parentUUID": "9799e505-eda0-407c-9ee8-543ead787787",
              "isHook": false,
              "skipped": false
            },
            {
              "title": "GET /users last added",
              "fullTitle": "users functional test GET /users last added",
              "timedOut": false,
              "duration": 354,
              "state": "passed",
              "speed": "slow",
              "pass": true,
              "fail": false,
              "pending": false,
              "context": null,
              "code": "const res = await request.get(\"/users\").set(\"Authorization\", `Bearer ${token}`);\n    \n// Log respons untuk debugging\nconsole.log(\"Response Body:\", res.body);\n    \n// Pastikan respons adalah array\nexpect(res.status).to.equal(200);\nexpect(res.body).to.be.an(\"array\").that.is.not.empty;\n    \n// Cari user dengan ID terbesar\nconst userslastid = res.body.reduce((prev, current) => {\n    return current.id > prev.id ? current : prev;\n});\n    \nconsole.log(\"id User terakhir: \", userslastid);\n    \n// Verifikasi hasil\nexpect(userslastid).to.have.property(\"id\");\nexpect(userslastid).to.have.property(\"name\");",
              "err": {},
              "uuid": "f260933b-f73c-4909-8c52-7331a0bbf85b",
              "parentUUID": "9799e505-eda0-407c-9ee8-543ead787787",
              "isHook": false,
              "skipped": false
            },
            {
              "title": "GET /with invalid link url",
              "fullTitle": "users functional test GET /with invalid link url",
              "timedOut": false,
              "duration": 162,
              "state": "passed",
              "speed": "slow",
              "pass": true,
              "fail": false,
              "pending": false,
              "context": null,
              "code": "const res = await request.get(\"/user\").set(\"Authorization\", `Bearer ${token}`);\n\n// Assertions\nif (Object.keys(res.body).length > 0) {\n    expect(res.body).to.have.property(\"error\");\n    expect(res.body.error).to.include(\"Not Found\");\n} else {\n    console.log(\"Empty response body\");\n    expect(res.body).to.be.empty;\n}",
              "err": {},
              "uuid": "d6b4e35d-c649-47a8-853a-b4359dd32944",
              "parentUUID": "9799e505-eda0-407c-9ee8-543ead787787",
              "isHook": false,
              "skipped": false
            },
            {
              "title": "POST /add users ",
              "fullTitle": "users functional test POST /add users ",
              "timedOut": false,
              "duration": 304,
              "state": "passed",
              "speed": "slow",
              "pass": true,
              "fail": false,
              "pending": false,
              "context": null,
              "code": "const email = `test${Date.now()}@mailservice.com`; // Email unik\n    const name = `Test Pride ${Date.now()}`; //nama unik\n    const data = {\n        email: email,\n        name: name,\n        gender: \"male\",\n        status: \"active\",\n    };\n\n    const res = await request\n        .post(\"/users\")\n        .set(\"Authorization\", `Bearer ${token}`) // Format token yang benar\n        .set(\"Content-Type\", \"application/json\")\n        .send(data);\n\n    console.log(\"Status:\", res.status);\n    console.log(\"Response Body:\", res.body);\n\n    // Verifikasi respons\n    expect(res.status).to.equal(201); // 201 Created\n    expect(res.body).to.have.property(\"id\");\n    expect(res.body.email).to.equal(data.email);\n    expect(res.body.name).to.equal(data.name);\n    expect(res.body.gender).to.equal(data.gender);\n    expect(res.body.status).to.equal(data.status);",
              "err": {},
              "uuid": "1d10df41-14fc-4332-93a4-0ac7ff5b8a60",
              "parentUUID": "9799e505-eda0-407c-9ee8-543ead787787",
              "isHook": false,
              "skipped": false
            },
            {
              "title": "PUT /update users with id",
              "fullTitle": "users functional test PUT /update users with id",
              "timedOut": false,
              "duration": 258,
              "state": "passed",
              "speed": "slow",
              "pass": true,
              "fail": false,
              "pending": false,
              "context": null,
              "code": "const name = `Test Pride ${Date.now()}`;\n     const email = `test${Date.now()}@mailservice.com`;\n     const data = {\n         status: \"active\",\n         name: name,\n         email: email\n     };\n     \n     const res = await request\n         .put(\"/users/7549080\")\n         .set(\"Authorization\", `Bearer ${token}`) // Format token yang benar\n         .set(\"Content-Type\", \"application/json\")\n         .send(data);\n     \n     console.log(\"Response Body:\", res.body);",
              "err": {},
              "uuid": "bf4710c0-37fc-415b-ad3b-99ec4379fbd1",
              "parentUUID": "9799e505-eda0-407c-9ee8-543ead787787",
              "isHook": false,
              "skipped": false
            }
          ],
          "suites": [],
          "passes": [
            "e79ba34d-010e-4322-a7bd-5297f7f3dcf6",
            "d0e64293-de96-46eb-816c-048183fad7fb",
            "ffb41b51-151d-4305-abd6-ff244c9ca3d7",
            "0a3adabd-c80d-4017-a2dc-2bf752ad3867",
            "f260933b-f73c-4909-8c52-7331a0bbf85b",
            "d6b4e35d-c649-47a8-853a-b4359dd32944",
            "1d10df41-14fc-4332-93a4-0ac7ff5b8a60",
            "bf4710c0-37fc-415b-ad3b-99ec4379fbd1"
          ],
          "failures": [],
          "pending": [],
          "skipped": [],
          "duration": 2447,
          "root": false,
          "rootEmpty": false,
          "_timeout": 2000
        }
      ],
      "passes": [],
      "failures": [],
      "pending": [],
      "skipped": [],
      "duration": 0,
      "root": true,
      "rootEmpty": true,
      "_timeout": 2000
    }
  ],
  "meta": {
    "mocha": {
      "version": "8.4.0"
    },
    "mochawesome": {
      "options": {
        "quiet": false,
        "reportFilename": "mochawesome",
        "saveHtml": true,
        "saveJson": true,
        "consoleReporter": "spec",
        "useInlineDiffs": false,
        "code": true
      },
      "version": "7.1.3"
    },
    "marge": {
      "options": null,
      "version": "6.2.0"
    }
  }
}